SET_PARAMETER c_optimization Speed_Optimized
SET_PARAMETER c_speed Maximum_speed
SET_PARAMETER c_has_operation_nd true
SET_PARAMETER c_latency 6
SET_PARAMETER c_has_invalid_op true
SET_PARAMETER c_has_sclr true
SET_PARAMETER c_has_operation_rfd true
SET_PARAMETER c_has_underflow true
SET_PARAMETER c_has_divide_by_zero false
SET_PARAMETER c_has_ce true
SET_PARAMETER c_has_overflow true
SET_PARAMETER c_a_exponent_width 5
SET_PARAMETER component_name multiplier
SET_PARAMETER c_rate 1
SET_PARAMETER a_precision_type Custom
SET_PARAMETER c_mult_usage Full_Usage
SET_PARAMETER add_sub_value Both
SET_PARAMETER c_compare_operation Programmable
SET_PARAMETER c_result_fraction_width 11
SET_PARAMETER maximum_latency true
SET_PARAMETER c_a_fraction_width 11
SET_PARAMETER result_precision_type Custom
SET_PARAMETER operation_type Multiply
SET_PARAMETER c_result_exponent_width 5
SET_PARAMETER c_has_rdy true
SET_ERROR_CODE 2
SET_ERROR_MSG  CANCEL: Customization cancelled.
SET_ERROR_TEXT Finished initializing IP model.	
